{"C:\\Users\\User\\OneDrive\\Programming courses\\Typescript\\Weather-app-Canvas-Typescript\\src\\utils\\fetchData.ts": {"path":"C:\\Users\\User\\OneDrive\\Programming courses\\Typescript\\Weather-app-Canvas-Typescript\\src\\utils\\fetchData.ts","statementMap":{"0":{"start":{"line":27,"column":0},"end":{"line":27,"column":62}},"1":{"start":{"line":28,"column":0},"end":{"line":28,"column":63}},"2":{"start":{"line":33,"column":20},"end":{"line":33,"column":45}},"3":{"start":{"line":34,"column":4},"end":{"line":42,"column":5}},"4":{"start":{"line":35,"column":21},"end":{"line":35,"column":40}},"5":{"start":{"line":36,"column":8},"end":{"line":41,"column":9}},"6":{"start":{"line":37,"column":12},"end":{"line":37,"column":30}},"7":{"start":{"line":40,"column":12},"end":{"line":40,"column":25}},"8":{"start":{"line":44,"column":0},"end":{"line":44,"column":30}},"9":{"start":{"line":49,"column":16},"end":{"line":49,"column":64}},"10":{"start":{"line":50,"column":4},"end":{"line":77,"column":5}},"11":{"start":{"line":51,"column":25},"end":{"line":51,"column":41}},"12":{"start":{"line":52,"column":21},"end":{"line":52,"column":42}},"13":{"start":{"line":53,"column":20},"end":{"line":66,"column":9}},"14":{"start":{"line":67,"column":23},"end":{"line":69,"column":10}},"15":{"start":{"line":68,"column":12},"end":{"line":68,"column":41}},"16":{"start":{"line":70,"column":8},"end":{"line":71,"column":64}},"17":{"start":{"line":71,"column":12},"end":{"line":71,"column":64}},"18":{"start":{"line":72,"column":8},"end":{"line":72,"column":20}},"19":{"start":{"line":75,"column":8},"end":{"line":75,"column":57}},"20":{"start":{"line":76,"column":8},"end":{"line":76,"column":21}},"21":{"start":{"line":79,"column":0},"end":{"line":79,"column":32}},"22":{"start":{"line":84,"column":19},"end":{"line":84,"column":46}},"23":{"start":{"line":85,"column":16},"end":{"line":88,"column":5}},"24":{"start":{"line":89,"column":4},"end":{"line":89,"column":51}},"25":{"start":{"line":91,"column":0},"end":{"line":91,"column":20}}},"fnMap":{"0":{"name":"loadLocal","decl":{"start":{"line":32,"column":9},"end":{"line":32,"column":18}},"loc":{"start":{"line":32,"column":24},"end":{"line":43,"column":1}},"line":32},"1":{"name":"loadServer","decl":{"start":{"line":48,"column":15},"end":{"line":48,"column":25}},"loc":{"start":{"line":48,"column":28},"end":{"line":78,"column":1}},"line":48},"2":{"name":"(anonymous_2)","decl":{"start":{"line":67,"column":33},"end":{"line":67,"column":34}},"loc":{"start":{"line":67,"column":40},"end":{"line":69,"column":9}},"line":67},"3":{"name":"save","decl":{"start":{"line":83,"column":9},"end":{"line":83,"column":13}},"loc":{"start":{"line":83,"column":25},"end":{"line":90,"column":1}},"line":83}},"branchMap":{"0":{"loc":{"start":{"line":34,"column":4},"end":{"line":42,"column":5}},"type":"if","locations":[{"start":{"line":34,"column":4},"end":{"line":42,"column":5}},{"start":{},"end":{}}],"line":34},"1":{"loc":{"start":{"line":36,"column":8},"end":{"line":41,"column":9}},"type":"if","locations":[{"start":{"line":36,"column":8},"end":{"line":41,"column":9}},{"start":{"line":39,"column":13},"end":{"line":41,"column":9}}],"line":36},"2":{"loc":{"start":{"line":36,"column":12},"end":{"line":36,"column":51}},"type":"binary-expr","locations":[{"start":{"line":36,"column":12},"end":{"line":36,"column":23}},{"start":{"line":36,"column":27},"end":{"line":36,"column":51}}],"line":36},"3":{"loc":{"start":{"line":70,"column":8},"end":{"line":71,"column":64}},"type":"if","locations":[{"start":{"line":70,"column":8},"end":{"line":71,"column":64}},{"start":{},"end":{}}],"line":70}},"s":{"0":1,"1":1,"2":1,"3":1,"4":1,"5":1,"6":1,"7":0,"8":1,"9":3,"10":3,"11":3,"12":2,"13":2,"14":2,"15":24,"16":2,"17":1,"18":1,"19":2,"20":2,"21":1,"22":2,"23":2,"24":2,"25":1},"f":{"0":1,"1":3,"2":24,"3":2},"b":{"0":[1,0],"1":[1,0],"2":[1,1],"3":[1,1]},"_coverageSchema":"1a1c01bbd47fc00a2c39e90264f33305004495a9","hash":"e9cee79dbbd0be1607413c02e8487b35440a5f81"}
,"C:\\Users\\User\\OneDrive\\Programming courses\\Typescript\\Weather-app-Canvas-Typescript\\src\\utils\\textConvert.ts": {"path":"C:\\Users\\User\\OneDrive\\Programming courses\\Typescript\\Weather-app-Canvas-Typescript\\src\\utils\\textConvert.ts","statementMap":{"0":{"start":{"line":2,"column":0},"end":{"line":2,"column":62}},"1":{"start":{"line":3,"column":0},"end":{"line":3,"column":51}},"2":{"start":{"line":9,"column":4},"end":{"line":28,"column":5}},"3":{"start":{"line":13,"column":18},"end":{"line":13,"column":54}},"4":{"start":{"line":14,"column":8},"end":{"line":14,"column":78}},"5":{"start":{"line":20,"column":18},"end":{"line":20,"column":54}},"6":{"start":{"line":21,"column":8},"end":{"line":27,"column":9}},"7":{"start":{"line":22,"column":12},"end":{"line":22,"column":28}},"8":{"start":{"line":25,"column":23},"end":{"line":25,"column":55}},"9":{"start":{"line":26,"column":12},"end":{"line":26,"column":59}},"10":{"start":{"line":30,"column":0},"end":{"line":30,"column":34}},"11":{"start":{"line":35,"column":4},"end":{"line":45,"column":5}},"12":{"start":{"line":36,"column":18},"end":{"line":36,"column":47}},"13":{"start":{"line":37,"column":8},"end":{"line":37,"column":78}},"14":{"start":{"line":43,"column":18},"end":{"line":43,"column":47}},"15":{"start":{"line":44,"column":8},"end":{"line":44,"column":76}},"16":{"start":{"line":47,"column":0},"end":{"line":47,"column":34}}},"fnMap":{"0":{"name":"convertTemp","decl":{"start":{"line":7,"column":9},"end":{"line":7,"column":20}},"loc":{"start":{"line":7,"column":34},"end":{"line":29,"column":1}},"line":7},"1":{"name":"convertWind","decl":{"start":{"line":34,"column":9},"end":{"line":34,"column":20}},"loc":{"start":{"line":34,"column":27},"end":{"line":46,"column":1}},"line":34}},"branchMap":{"0":{"loc":{"start":{"line":9,"column":4},"end":{"line":28,"column":5}},"type":"if","locations":[{"start":{"line":9,"column":4},"end":{"line":28,"column":5}},{"start":{"line":16,"column":9},"end":{"line":28,"column":5}}],"line":9},"1":{"loc":{"start":{"line":14,"column":15},"end":{"line":14,"column":77}},"type":"cond-expr","locations":[{"start":{"line":14,"column":28},"end":{"line":14,"column":36}},{"start":{"line":14,"column":39},"end":{"line":14,"column":77}}],"line":14},"2":{"loc":{"start":{"line":21,"column":8},"end":{"line":27,"column":9}},"type":"if","locations":[{"start":{"line":21,"column":8},"end":{"line":27,"column":9}},{"start":{"line":24,"column":13},"end":{"line":27,"column":9}}],"line":21},"3":{"loc":{"start":{"line":26,"column":19},"end":{"line":26,"column":58}},"type":"cond-expr","locations":[{"start":{"line":26,"column":30},"end":{"line":26,"column":42}},{"start":{"line":26,"column":45},"end":{"line":26,"column":58}}],"line":26},"4":{"loc":{"start":{"line":35,"column":4},"end":{"line":45,"column":5}},"type":"if","locations":[{"start":{"line":35,"column":4},"end":{"line":45,"column":5}},{"start":{"line":39,"column":9},"end":{"line":45,"column":5}}],"line":35},"5":{"loc":{"start":{"line":37,"column":15},"end":{"line":37,"column":77}},"type":"cond-expr","locations":[{"start":{"line":37,"column":28},"end":{"line":37,"column":38}},{"start":{"line":37,"column":41},"end":{"line":37,"column":77}}],"line":37},"6":{"loc":{"start":{"line":44,"column":15},"end":{"line":44,"column":75}},"type":"cond-expr","locations":[{"start":{"line":44,"column":28},"end":{"line":44,"column":37}},{"start":{"line":44,"column":40},"end":{"line":44,"column":75}}],"line":44}},"s":{"0":1,"1":1,"2":8,"3":4,"4":4,"5":4,"6":4,"7":1,"8":3,"9":3,"10":1,"11":8,"12":4,"13":4,"14":4,"15":4,"16":1},"f":{"0":8,"1":8},"b":{"0":[4,4],"1":[1,3],"2":[1,3],"3":[1,2],"4":[4,4],"5":[1,3],"6":[1,3]},"_coverageSchema":"1a1c01bbd47fc00a2c39e90264f33305004495a9","hash":"ed004e790a1bd16b9fc3ac62246fc4e11e4e5f63"}
}
