{"C:\\Users\\User\\OneDrive\\Programming courses\\Typescript\\Weather-app-Canvas-Typescript\\src\\utils\\fetchData.ts": {"path":"C:\\Users\\User\\OneDrive\\Programming courses\\Typescript\\Weather-app-Canvas-Typescript\\src\\utils\\fetchData.ts","statementMap":{"0":{"start":{"line":2,"column":0},"end":{"line":2,"column":62}},"1":{"start":{"line":3,"column":0},"end":{"line":3,"column":83}},"2":{"start":{"line":7,"column":0},"end":{"line":7,"column":23}},"3":{"start":{"line":12,"column":20},"end":{"line":12,"column":45}},"4":{"start":{"line":13,"column":4},"end":{"line":21,"column":5}},"5":{"start":{"line":14,"column":21},"end":{"line":14,"column":40}},"6":{"start":{"line":15,"column":8},"end":{"line":20,"column":9}},"7":{"start":{"line":16,"column":12},"end":{"line":16,"column":30}},"8":{"start":{"line":19,"column":12},"end":{"line":19,"column":25}},"9":{"start":{"line":23,"column":0},"end":{"line":23,"column":30}},"10":{"start":{"line":28,"column":16},"end":{"line":28,"column":64}},"11":{"start":{"line":29,"column":4},"end":{"line":56,"column":5}},"12":{"start":{"line":30,"column":25},"end":{"line":30,"column":41}},"13":{"start":{"line":31,"column":21},"end":{"line":31,"column":42}},"14":{"start":{"line":32,"column":20},"end":{"line":45,"column":9}},"15":{"start":{"line":46,"column":23},"end":{"line":48,"column":10}},"16":{"start":{"line":47,"column":12},"end":{"line":47,"column":41}},"17":{"start":{"line":49,"column":8},"end":{"line":50,"column":64}},"18":{"start":{"line":50,"column":12},"end":{"line":50,"column":64}},"19":{"start":{"line":51,"column":8},"end":{"line":51,"column":20}},"20":{"start":{"line":54,"column":8},"end":{"line":54,"column":57}},"21":{"start":{"line":55,"column":8},"end":{"line":55,"column":21}},"22":{"start":{"line":58,"column":0},"end":{"line":58,"column":32}},"23":{"start":{"line":63,"column":19},"end":{"line":63,"column":61}},"24":{"start":{"line":64,"column":16},"end":{"line":67,"column":5}},"25":{"start":{"line":68,"column":4},"end":{"line":68,"column":51}},"26":{"start":{"line":70,"column":0},"end":{"line":70,"column":20}}},"fnMap":{"0":{"name":"loadLocal","decl":{"start":{"line":11,"column":9},"end":{"line":11,"column":18}},"loc":{"start":{"line":11,"column":24},"end":{"line":22,"column":1}},"line":11},"1":{"name":"loadServer","decl":{"start":{"line":27,"column":15},"end":{"line":27,"column":25}},"loc":{"start":{"line":27,"column":28},"end":{"line":57,"column":1}},"line":27},"2":{"name":"(anonymous_2)","decl":{"start":{"line":46,"column":33},"end":{"line":46,"column":34}},"loc":{"start":{"line":46,"column":40},"end":{"line":48,"column":9}},"line":46},"3":{"name":"save","decl":{"start":{"line":62,"column":9},"end":{"line":62,"column":13}},"loc":{"start":{"line":62,"column":25},"end":{"line":69,"column":1}},"line":62}},"branchMap":{"0":{"loc":{"start":{"line":13,"column":4},"end":{"line":21,"column":5}},"type":"if","locations":[{"start":{"line":13,"column":4},"end":{"line":21,"column":5}},{"start":{},"end":{}}],"line":13},"1":{"loc":{"start":{"line":15,"column":8},"end":{"line":20,"column":9}},"type":"if","locations":[{"start":{"line":15,"column":8},"end":{"line":20,"column":9}},{"start":{"line":18,"column":13},"end":{"line":20,"column":9}}],"line":15},"2":{"loc":{"start":{"line":15,"column":12},"end":{"line":15,"column":51}},"type":"binary-expr","locations":[{"start":{"line":15,"column":12},"end":{"line":15,"column":23}},{"start":{"line":15,"column":27},"end":{"line":15,"column":51}}],"line":15},"3":{"loc":{"start":{"line":49,"column":8},"end":{"line":50,"column":64}},"type":"if","locations":[{"start":{"line":49,"column":8},"end":{"line":50,"column":64}},{"start":{},"end":{}}],"line":49}},"s":{"0":1,"1":1,"2":1,"3":1,"4":1,"5":1,"6":1,"7":1,"8":0,"9":1,"10":3,"11":3,"12":3,"13":2,"14":2,"15":2,"16":24,"17":2,"18":1,"19":1,"20":2,"21":2,"22":1,"23":2,"24":2,"25":2,"26":1},"f":{"0":1,"1":3,"2":24,"3":2},"b":{"0":[1,0],"1":[1,0],"2":[1,1],"3":[1,1]},"_coverageSchema":"1a1c01bbd47fc00a2c39e90264f33305004495a9","hash":"3f18cd4936e1f634d6453f6fea226c1e856f7546"}
,"C:\\Users\\User\\OneDrive\\Programming courses\\Typescript\\Weather-app-Canvas-Typescript\\src\\utils\\textConvert.ts": {"path":"C:\\Users\\User\\OneDrive\\Programming courses\\Typescript\\Weather-app-Canvas-Typescript\\src\\utils\\textConvert.ts","statementMap":{"0":{"start":{"line":2,"column":0},"end":{"line":2,"column":62}},"1":{"start":{"line":3,"column":0},"end":{"line":3,"column":51}},"2":{"start":{"line":9,"column":4},"end":{"line":28,"column":5}},"3":{"start":{"line":13,"column":18},"end":{"line":13,"column":54}},"4":{"start":{"line":14,"column":8},"end":{"line":14,"column":78}},"5":{"start":{"line":20,"column":18},"end":{"line":20,"column":54}},"6":{"start":{"line":21,"column":8},"end":{"line":27,"column":9}},"7":{"start":{"line":22,"column":12},"end":{"line":22,"column":28}},"8":{"start":{"line":25,"column":23},"end":{"line":25,"column":55}},"9":{"start":{"line":26,"column":12},"end":{"line":26,"column":59}},"10":{"start":{"line":30,"column":0},"end":{"line":30,"column":34}},"11":{"start":{"line":35,"column":4},"end":{"line":45,"column":5}},"12":{"start":{"line":36,"column":18},"end":{"line":36,"column":47}},"13":{"start":{"line":37,"column":8},"end":{"line":37,"column":78}},"14":{"start":{"line":43,"column":18},"end":{"line":43,"column":47}},"15":{"start":{"line":44,"column":8},"end":{"line":44,"column":76}},"16":{"start":{"line":47,"column":0},"end":{"line":47,"column":34}}},"fnMap":{"0":{"name":"convertTemp","decl":{"start":{"line":7,"column":9},"end":{"line":7,"column":20}},"loc":{"start":{"line":7,"column":34},"end":{"line":29,"column":1}},"line":7},"1":{"name":"convertWind","decl":{"start":{"line":34,"column":9},"end":{"line":34,"column":20}},"loc":{"start":{"line":34,"column":27},"end":{"line":46,"column":1}},"line":34}},"branchMap":{"0":{"loc":{"start":{"line":9,"column":4},"end":{"line":28,"column":5}},"type":"if","locations":[{"start":{"line":9,"column":4},"end":{"line":28,"column":5}},{"start":{"line":16,"column":9},"end":{"line":28,"column":5}}],"line":9},"1":{"loc":{"start":{"line":14,"column":15},"end":{"line":14,"column":77}},"type":"cond-expr","locations":[{"start":{"line":14,"column":28},"end":{"line":14,"column":36}},{"start":{"line":14,"column":39},"end":{"line":14,"column":77}}],"line":14},"2":{"loc":{"start":{"line":21,"column":8},"end":{"line":27,"column":9}},"type":"if","locations":[{"start":{"line":21,"column":8},"end":{"line":27,"column":9}},{"start":{"line":24,"column":13},"end":{"line":27,"column":9}}],"line":21},"3":{"loc":{"start":{"line":26,"column":19},"end":{"line":26,"column":58}},"type":"cond-expr","locations":[{"start":{"line":26,"column":30},"end":{"line":26,"column":42}},{"start":{"line":26,"column":45},"end":{"line":26,"column":58}}],"line":26},"4":{"loc":{"start":{"line":35,"column":4},"end":{"line":45,"column":5}},"type":"if","locations":[{"start":{"line":35,"column":4},"end":{"line":45,"column":5}},{"start":{"line":39,"column":9},"end":{"line":45,"column":5}}],"line":35},"5":{"loc":{"start":{"line":37,"column":15},"end":{"line":37,"column":77}},"type":"cond-expr","locations":[{"start":{"line":37,"column":28},"end":{"line":37,"column":38}},{"start":{"line":37,"column":41},"end":{"line":37,"column":77}}],"line":37},"6":{"loc":{"start":{"line":44,"column":15},"end":{"line":44,"column":75}},"type":"cond-expr","locations":[{"start":{"line":44,"column":28},"end":{"line":44,"column":37}},{"start":{"line":44,"column":40},"end":{"line":44,"column":75}}],"line":44}},"s":{"0":1,"1":1,"2":8,"3":4,"4":4,"5":4,"6":4,"7":1,"8":3,"9":3,"10":1,"11":8,"12":4,"13":4,"14":4,"15":4,"16":1},"f":{"0":8,"1":8},"b":{"0":[4,4],"1":[1,3],"2":[1,3],"3":[1,2],"4":[4,4],"5":[1,3],"6":[1,3]},"_coverageSchema":"1a1c01bbd47fc00a2c39e90264f33305004495a9","hash":"ed004e790a1bd16b9fc3ac62246fc4e11e4e5f63"}
}
