TN:
SF:src\utils\fetchData.ts
FN:11,loadLocal
FN:27,loadServer
FN:46,(anonymous_2)
FN:62,save
FNF:4
FNH:4
FNDA:1,loadLocal
FNDA:3,loadServer
FNDA:24,(anonymous_2)
FNDA:2,save
DA:2,1
DA:3,1
DA:7,1
DA:12,1
DA:13,1
DA:14,1
DA:15,1
DA:16,1
DA:19,0
DA:23,1
DA:28,3
DA:29,3
DA:30,3
DA:31,2
DA:32,2
DA:46,2
DA:47,24
DA:49,2
DA:50,1
DA:51,1
DA:54,2
DA:55,2
DA:58,1
DA:63,2
DA:64,2
DA:68,2
DA:70,1
LF:27
LH:26
BRDA:13,0,0,1
BRDA:13,0,1,0
BRDA:15,1,0,1
BRDA:15,1,1,0
BRDA:15,2,0,1
BRDA:15,2,1,1
BRDA:49,3,0,1
BRDA:49,3,1,1
BRF:8
BRH:6
end_of_record
TN:
SF:src\utils\textConvert.ts
FN:7,convertTemp
FN:34,convertWind
FNF:2
FNH:2
FNDA:8,convertTemp
FNDA:8,convertWind
DA:2,1
DA:3,1
DA:9,8
DA:13,4
DA:14,4
DA:20,4
DA:21,4
DA:22,1
DA:25,3
DA:26,3
DA:30,1
DA:35,8
DA:36,4
DA:37,4
DA:43,4
DA:44,4
DA:47,1
LF:17
LH:17
BRDA:9,0,0,4
BRDA:9,0,1,4
BRDA:14,1,0,1
BRDA:14,1,1,3
BRDA:21,2,0,1
BRDA:21,2,1,3
BRDA:26,3,0,1
BRDA:26,3,1,2
BRDA:35,4,0,4
BRDA:35,4,1,4
BRDA:37,5,0,1
BRDA:37,5,1,3
BRDA:44,6,0,1
BRDA:44,6,1,3
BRF:14
BRH:14
end_of_record
