TN:
SF:src\utils\fetchData.ts
FN:32,loadLocal
FN:48,loadServer
FN:67,(anonymous_2)
FN:83,save
FNF:4
FNH:4
FNDA:1,loadLocal
FNDA:3,loadServer
FNDA:24,(anonymous_2)
FNDA:2,save
DA:27,1
DA:28,1
DA:33,1
DA:34,1
DA:35,1
DA:36,1
DA:37,1
DA:40,0
DA:44,1
DA:49,3
DA:50,3
DA:51,3
DA:52,2
DA:53,2
DA:67,2
DA:68,24
DA:70,2
DA:71,1
DA:72,1
DA:75,2
DA:76,2
DA:79,1
DA:84,2
DA:85,2
DA:89,2
DA:91,1
LF:26
LH:25
BRDA:34,0,0,1
BRDA:34,0,1,0
BRDA:36,1,0,1
BRDA:36,1,1,0
BRDA:36,2,0,1
BRDA:36,2,1,1
BRDA:70,3,0,1
BRDA:70,3,1,1
BRF:8
BRH:6
end_of_record
TN:
SF:src\utils\textConvert.ts
FN:7,convertTemp
FN:34,convertWind
FNF:2
FNH:2
FNDA:8,convertTemp
FNDA:8,convertWind
DA:2,1
DA:3,1
DA:9,8
DA:13,4
DA:14,4
DA:20,4
DA:21,4
DA:22,1
DA:25,3
DA:26,3
DA:30,1
DA:35,8
DA:36,4
DA:37,4
DA:43,4
DA:44,4
DA:47,1
LF:17
LH:17
BRDA:9,0,0,4
BRDA:9,0,1,4
BRDA:14,1,0,1
BRDA:14,1,1,3
BRDA:21,2,0,1
BRDA:21,2,1,3
BRDA:26,3,0,1
BRDA:26,3,1,2
BRDA:35,4,0,4
BRDA:35,4,1,4
BRDA:37,5,0,1
BRDA:37,5,1,3
BRDA:44,6,0,1
BRDA:44,6,1,3
BRF:14
BRH:14
end_of_record
